<?xml version="1.0" encoding="UTF-8"?>
<!-- Generated by org.testng.reporters.JUnitReportReporter -->
<testsuite skipped="0" hostname="Rajesh" name="testPackage.TestClass" tests="1" failures="0" timestamp="10 Dec 2017 16:10:47 GMT" time="0.043" errors="0">
  <testcase name="test" time="0.043" classname="testPackage.TestClass"/>
</testsuite> <!-- testPackage.TestClass -->
